0 info it worked if it ends with ok
1 verbose cli [ '/usr/local/bin/node', '/usr/local/bin/npm', 'start' ]
2 info using npm@3.10.2
3 info using node@v4.4.5
4 verbose run-script [ 'prestart', 'start', 'poststart' ]
5 info lifecycle app@~prestart: app@
6 silly lifecycle app@~prestart: no script for prestart, continuing
7 info lifecycle app@~start: app@
8 verbose lifecycle app@~start: unsafe-perm in lifecycle true
9 verbose lifecycle app@~start: PATH: /usr/local/lib/node_modules/npm/bin/node-gyp-bin:/usr/local/dev/github/meteor-backend/node_modules/.bin:/usr/local/bin:/usr/local/bin:/usr/bin:/bin:/usr/sbin:/sbin
10 verbose lifecycle app@~start: CWD: /usr/local/dev/github/meteor-backend
11 silly lifecycle app@~start: Args: [ '-c', 'meteor run -p 9000' ]
12 silly lifecycle app@~start: Returned: code: 8  signal: null
13 info lifecycle app@~start: Failed to exec start script
14 verbose stack Error: app@ start: `meteor run -p 9000`
14 verbose stack Exit status 8
14 verbose stack     at EventEmitter.<anonymous> (/usr/local/lib/node_modules/npm/lib/utils/lifecycle.js:242:16)
14 verbose stack     at emitTwo (events.js:87:13)
14 verbose stack     at EventEmitter.emit (events.js:172:7)
14 verbose stack     at ChildProcess.<anonymous> (/usr/local/lib/node_modules/npm/lib/utils/spawn.js:40:14)
14 verbose stack     at emitTwo (events.js:87:13)
14 verbose stack     at ChildProcess.emit (events.js:172:7)
14 verbose stack     at maybeClose (internal/child_process.js:827:16)
14 verbose stack     at Process.ChildProcess._handle.onexit (internal/child_process.js:211:5)
15 verbose pkgid app@
16 verbose cwd /usr/local/dev/github/meteor-backend
17 error Darwin 15.5.0
18 error argv "/usr/local/bin/node" "/usr/local/bin/npm" "start"
19 error node v4.4.5
20 error npm  v3.10.2
21 error code ELIFECYCLE
22 error app@ start: `meteor run -p 9000`
22 error Exit status 8
23 error Failed at the app@ start script 'meteor run -p 9000'.
23 error Make sure you have the latest version of node.js and npm installed.
23 error If you do, this is most likely a problem with the app package,
23 error not with npm itself.
23 error Tell the author that this fails on your system:
23 error     meteor run -p 9000
23 error You can get information on how to open an issue for this project with:
23 error     npm bugs app
23 error Or if that isn't available, you can get their info via:
23 error     npm owner ls app
23 error There is likely additional logging output above.
24 verbose exit [ 1, true ]
